Started GET "/" for 127.0.0.1 at 2017-01-09 15:09:03 +0530
Processing by Rails::WelcomeController#index as HTML
  Parameters: {"internal"=>true}
  Rendering /home/mayur/.rvm/gems/ruby-2.3.1/gems/railties-5.0.1/lib/rails/templates/rails/welcome/index.html.erb
  Rendered /home/mayur/.rvm/gems/ruby-2.3.1/gems/railties-5.0.1/lib/rails/templates/rails/welcome/index.html.erb (4.6ms)
Completed 200 OK in 24ms (Views: 9.8ms | ActiveRecord: 0.0ms)


Started GET "/" for 127.0.0.1 at 2017-01-09 15:12:36 +0530
Processing by Rails::WelcomeController#index as HTML
  Parameters: {"internal"=>true}
  Rendering /home/mayur/.rvm/gems/ruby-2.3.1/gems/railties-5.0.1/lib/rails/templates/rails/welcome/index.html.erb
  Rendered /home/mayur/.rvm/gems/ruby-2.3.1/gems/railties-5.0.1/lib/rails/templates/rails/welcome/index.html.erb (11.1ms)
Completed 200 OK in 31ms (Views: 16.6ms | ActiveRecord: 0.0ms)


  [1m[35m (7.7ms)[0m  [1m[35mCREATE TABLE "schema_migrations" ("version" varchar NOT NULL PRIMARY KEY)[0m
  [1m[35m (7.3ms)[0m  [1m[35mCREATE TABLE "ar_internal_metadata" ("key" varchar NOT NULL PRIMARY KEY, "value" varchar, "created_at" datetime NOT NULL, "updated_at" datetime NOT NULL)[0m
  [1m[36mActiveRecord::SchemaMigration Load (0.2ms)[0m  [1m[34mSELECT "schema_migrations".* FROM "schema_migrations"[0m
Migrating to CreatePages (20170109094336)
  [1m[35m (0.1ms)[0m  [1m[36mbegin transaction[0m
  [1m[35m (0.4ms)[0m  [1m[35mCREATE TABLE "pages" ("id" INTEGER PRIMARY KEY AUTOINCREMENT NOT NULL, "created_at" datetime NOT NULL, "updated_at" datetime NOT NULL)[0m
  [1m[35mSQL (0.2ms)[0m  [1m[32mINSERT INTO "schema_migrations" ("version") VALUES (?)[0m  [["version", "20170109094336"]]
  [1m[35m (5.5ms)[0m  [1m[36mcommit transaction[0m
Migrating to CreateUsers (20170109095841)
  [1m[35m (0.1ms)[0m  [1m[36mbegin transaction[0m
  [1m[35m (0.4ms)[0m  [1m[35mCREATE TABLE "users" ("id" INTEGER PRIMARY KEY AUTOINCREMENT NOT NULL, "provider" varchar, "uid" varchar, "name" varchar, "location" varchar, "image_url" varchar, "url" varchar, "created_at" datetime NOT NULL, "updated_at" datetime NOT NULL)[0m
  [1m[35mSQL (0.1ms)[0m  [1m[32mINSERT INTO "schema_migrations" ("version") VALUES (?)[0m  [["version", "20170109095841"]]
  [1m[35m (6.6ms)[0m  [1m[36mcommit transaction[0m
  [1m[36mActiveRecord::InternalMetadata Load (0.3ms)[0m  [1m[34mSELECT  "ar_internal_metadata".* FROM "ar_internal_metadata" WHERE "ar_internal_metadata"."key" = ? LIMIT ?[0m  [["key", :environment], ["LIMIT", 1]]
  [1m[35m (0.1ms)[0m  [1m[36mbegin transaction[0m
  [1m[35mSQL (0.3ms)[0m  [1m[32mINSERT INTO "ar_internal_metadata" ("key", "value", "created_at", "updated_at") VALUES (?, ?, ?, ?)[0m  [["key", "environment"], ["value", "development"], ["created_at", 2017-01-09 09:58:54 UTC], ["updated_at", 2017-01-09 09:58:54 UTC]]
  [1m[35m (6.7ms)[0m  [1m[36mcommit transaction[0m
  [1m[36mActiveRecord::SchemaMigration Load (0.1ms)[0m  [1m[34mSELECT "schema_migrations".* FROM "schema_migrations"[0m
  [1m[36mActiveRecord::SchemaMigration Load (0.2ms)[0m  [1m[34mSELECT "schema_migrations".* FROM "schema_migrations"[0m
  [1m[35m (0.2ms)[0m  [1m[34mSELECT "ar_internal_metadata"."value" FROM "ar_internal_metadata" WHERE "ar_internal_metadata"."key" = ?[0m  [["key", :environment]]
  [1m[36mActiveRecord::SchemaMigration Load (0.1ms)[0m  [1m[34mSELECT "schema_migrations".* FROM "schema_migrations"[0m
  [1m[35m (0.1ms)[0m  [1m[34mSELECT "ar_internal_metadata"."value" FROM "ar_internal_metadata" WHERE "ar_internal_metadata"."key" = ?[0m  [["key", :environment]]
  [1m[36mActiveRecord::SchemaMigration Load (0.1ms)[0m  [1m[34mSELECT "schema_migrations".* FROM "schema_migrations"[0m
  [1m[35m (0.1ms)[0m  [1m[34mSELECT "ar_internal_metadata"."value" FROM "ar_internal_metadata" WHERE "ar_internal_metadata"."key" = ?[0m  [["key", :environment]]
DEPRECATION WARNING: Passing #original_exception is deprecated and has no effect. Exceptions will automatically capture the original exception. (called from require at bin/rails:4)
  [1m[35m (7.0ms)[0m  [1m[35mCREATE TABLE "pages" ("id" INTEGER PRIMARY KEY AUTOINCREMENT NOT NULL, "created_at" datetime NOT NULL, "updated_at" datetime NOT NULL)[0m
  [1m[35m (11.0ms)[0m  [1m[35mCREATE TABLE "users" ("id" INTEGER PRIMARY KEY AUTOINCREMENT NOT NULL, "provider" varchar, "uid" varchar, "name" varchar, "location" varchar, "image_url" varchar, "url" varchar, "created_at" datetime NOT NULL, "updated_at" datetime NOT NULL)[0m
  [1m[35m (8.1ms)[0m  [1m[35mCREATE TABLE "schema_migrations" ("version" varchar NOT NULL PRIMARY KEY)[0m
  [1m[35m (0.3ms)[0m  [1m[34mSELECT version FROM "schema_migrations"[0m
  [1m[35m (11.1ms)[0m  [1m[32mINSERT INTO "schema_migrations" (version) VALUES ('20170109095841')[0m
  [1m[35m (0.2ms)[0m  [1m[34mselect sqlite_version(*)[0m
  [1m[35m (9.3ms)[0m  [1m[32mINSERT INTO schema_migrations (version) VALUES
('20170109094336');

[0m
  [1m[35m (9.0ms)[0m  [1m[35mCREATE TABLE "ar_internal_metadata" ("key" varchar NOT NULL PRIMARY KEY, "value" varchar, "created_at" datetime NOT NULL, "updated_at" datetime NOT NULL)[0m
  [1m[36mActiveRecord::InternalMetadata Load (0.3ms)[0m  [1m[34mSELECT  "ar_internal_metadata".* FROM "ar_internal_metadata" WHERE "ar_internal_metadata"."key" = ? LIMIT ?[0m  [["key", :environment], ["LIMIT", 1]]
  [1m[35m (0.1ms)[0m  [1m[36mbegin transaction[0m
  [1m[35mSQL (0.3ms)[0m  [1m[32mINSERT INTO "ar_internal_metadata" ("key", "value", "created_at", "updated_at") VALUES (?, ?, ?, ?)[0m  [["key", "environment"], ["value", "development"], ["created_at", 2017-01-09 10:00:34 UTC], ["updated_at", 2017-01-09 10:00:34 UTC]]
  [1m[35m (6.6ms)[0m  [1m[36mcommit transaction[0m
  [1m[36mActiveRecord::InternalMetadata Load (0.2ms)[0m  [1m[34mSELECT  "ar_internal_metadata".* FROM "ar_internal_metadata" WHERE "ar_internal_metadata"."key" = ? LIMIT ?[0m  [["key", :environment], ["LIMIT", 1]]
  [1m[35m (0.1ms)[0m  [1m[36mbegin transaction[0m
  [1m[35m (0.1ms)[0m  [1m[36mcommit transaction[0m
  [1m[35m (12.3ms)[0m  [1m[35mCREATE TABLE "pages" ("id" INTEGER PRIMARY KEY AUTOINCREMENT NOT NULL, "created_at" datetime NOT NULL, "updated_at" datetime NOT NULL)[0m
  [1m[35m (6.6ms)[0m  [1m[35mCREATE TABLE "users" ("id" INTEGER PRIMARY KEY AUTOINCREMENT NOT NULL, "provider" varchar, "uid" varchar, "name" varchar, "location" varchar, "image_url" varchar, "url" varchar, "created_at" datetime NOT NULL, "updated_at" datetime NOT NULL)[0m
  [1m[35m (10.9ms)[0m  [1m[35mCREATE TABLE "schema_migrations" ("version" varchar NOT NULL PRIMARY KEY)[0m
  [1m[35m (0.3ms)[0m  [1m[34mSELECT version FROM "schema_migrations"[0m
  [1m[35m (8.5ms)[0m  [1m[32mINSERT INTO "schema_migrations" (version) VALUES ('20170109095841')[0m
  [1m[35m (0.2ms)[0m  [1m[34mselect sqlite_version(*)[0m
  [1m[35m (6.7ms)[0m  [1m[32mINSERT INTO schema_migrations (version) VALUES
('20170109094336');

[0m
  [1m[35m (7.3ms)[0m  [1m[35mCREATE TABLE "ar_internal_metadata" ("key" varchar NOT NULL PRIMARY KEY, "value" varchar, "created_at" datetime NOT NULL, "updated_at" datetime NOT NULL)[0m
  [1m[36mActiveRecord::InternalMetadata Load (0.3ms)[0m  [1m[34mSELECT  "ar_internal_metadata".* FROM "ar_internal_metadata" WHERE "ar_internal_metadata"."key" = ? LIMIT ?[0m  [["key", :environment], ["LIMIT", 1]]
  [1m[35m (0.1ms)[0m  [1m[36mbegin transaction[0m
  [1m[35mSQL (0.3ms)[0m  [1m[32mINSERT INTO "ar_internal_metadata" ("key", "value", "created_at", "updated_at") VALUES (?, ?, ?, ?)[0m  [["key", "environment"], ["value", "development"], ["created_at", 2017-01-09 10:00:34 UTC], ["updated_at", 2017-01-09 10:00:34 UTC]]
  [1m[35m (7.8ms)[0m  [1m[36mcommit transaction[0m
  [1m[36mActiveRecord::InternalMetadata Load (0.2ms)[0m  [1m[34mSELECT  "ar_internal_metadata".* FROM "ar_internal_metadata" WHERE "ar_internal_metadata"."key" = ? LIMIT ?[0m  [["key", :environment], ["LIMIT", 1]]
  [1m[35m (0.1ms)[0m  [1m[36mbegin transaction[0m
  [1m[35m (0.1ms)[0m  [1m[36mcommit transaction[0m
  [1m[36mActiveRecord::SchemaMigration Load (0.1ms)[0m  [1m[34mSELECT "schema_migrations".* FROM "schema_migrations"[0m
Started GET "/" for 127.0.0.1 at 2017-01-09 15:41:34 +0530
  [1m[36mActiveRecord::SchemaMigration Load (0.2ms)[0m  [1m[34mSELECT "schema_migrations".* FROM "schema_migrations"[0m
  
ActiveRecord::PendingMigrationError (

Migrations are pending. To resolve this issue, run:

        bin/rails db:migrate RAILS_ENV=development

):
  
activerecord (5.0.1) lib/active_record/migration.rb:573:in `check_pending!'
activerecord (5.0.1) lib/active_record/migration.rb:549:in `call'
actionpack (5.0.1) lib/action_dispatch/middleware/callbacks.rb:38:in `block in call'
activesupport (5.0.1) lib/active_support/callbacks.rb:97:in `__run_callbacks__'
activesupport (5.0.1) lib/active_support/callbacks.rb:750:in `_run_call_callbacks'
activesupport (5.0.1) lib/active_support/callbacks.rb:90:in `run_callbacks'
actionpack (5.0.1) lib/action_dispatch/middleware/callbacks.rb:36:in `call'
actionpack (5.0.1) lib/action_dispatch/middleware/executor.rb:12:in `call'
actionpack (5.0.1) lib/action_dispatch/middleware/remote_ip.rb:79:in `call'
actionpack (5.0.1) lib/action_dispatch/middleware/debug_exceptions.rb:49:in `call'
web-console (3.4.0) lib/web_console/middleware.rb:135:in `call_app'
web-console (3.4.0) lib/web_console/middleware.rb:28:in `block in call'
web-console (3.4.0) lib/web_console/middleware.rb:18:in `catch'
web-console (3.4.0) lib/web_console/middleware.rb:18:in `call'
actionpack (5.0.1) lib/action_dispatch/middleware/show_exceptions.rb:31:in `call'
railties (5.0.1) lib/rails/rack/logger.rb:36:in `call_app'
railties (5.0.1) lib/rails/rack/logger.rb:24:in `block in call'
activesupport (5.0.1) lib/active_support/tagged_logging.rb:69:in `block in tagged'
activesupport (5.0.1) lib/active_support/tagged_logging.rb:26:in `tagged'
activesupport (5.0.1) lib/active_support/tagged_logging.rb:69:in `tagged'
railties (5.0.1) lib/rails/rack/logger.rb:24:in `call'
sprockets-rails (3.2.0) lib/sprockets/rails/quiet_assets.rb:13:in `call'
actionpack (5.0.1) lib/action_dispatch/middleware/request_id.rb:24:in `call'
rack (2.0.1) lib/rack/method_override.rb:22:in `call'
rack (2.0.1) lib/rack/runtime.rb:22:in `call'
activesupport (5.0.1) lib/active_support/cache/strategy/local_cache_middleware.rb:28:in `call'
actionpack (5.0.1) lib/action_dispatch/middleware/executor.rb:12:in `call'
actionpack (5.0.1) lib/action_dispatch/middleware/static.rb:136:in `call'
rack (2.0.1) lib/rack/sendfile.rb:111:in `call'
railties (5.0.1) lib/rails/engine.rb:522:in `call'
puma (3.6.2) lib/puma/configuration.rb:225:in `call'
puma (3.6.2) lib/puma/server.rb:578:in `handle_request'
puma (3.6.2) lib/puma/server.rb:415:in `process_client'
puma (3.6.2) lib/puma/server.rb:275:in `block in run'
puma (3.6.2) lib/puma/thread_pool.rb:116:in `block in spawn_thread'
  Rendering /home/mayur/.rvm/gems/ruby-2.3.1/gems/actionpack-5.0.1/lib/action_dispatch/middleware/templates/rescues/diagnostics.html.erb within rescues/layout
  Rendering /home/mayur/.rvm/gems/ruby-2.3.1/gems/actionpack-5.0.1/lib/action_dispatch/middleware/templates/rescues/_source.html.erb
  Rendered /home/mayur/.rvm/gems/ruby-2.3.1/gems/actionpack-5.0.1/lib/action_dispatch/middleware/templates/rescues/_source.html.erb (2.7ms)
  Rendering /home/mayur/.rvm/gems/ruby-2.3.1/gems/actionpack-5.0.1/lib/action_dispatch/middleware/templates/rescues/_trace.html.erb
  Rendered /home/mayur/.rvm/gems/ruby-2.3.1/gems/actionpack-5.0.1/lib/action_dispatch/middleware/templates/rescues/_trace.html.erb (1.8ms)
  Rendering /home/mayur/.rvm/gems/ruby-2.3.1/gems/actionpack-5.0.1/lib/action_dispatch/middleware/templates/rescues/_request_and_response.html.erb
  Rendered /home/mayur/.rvm/gems/ruby-2.3.1/gems/actionpack-5.0.1/lib/action_dispatch/middleware/templates/rescues/_request_and_response.html.erb (1.1ms)
  Rendered /home/mayur/.rvm/gems/ruby-2.3.1/gems/actionpack-5.0.1/lib/action_dispatch/middleware/templates/rescues/diagnostics.html.erb within rescues/layout (33.0ms)
  [1m[36mActiveRecord::SchemaMigration Load (0.2ms)[0m  [1m[34mSELECT "schema_migrations".* FROM "schema_migrations"[0m
Migrating to CreateSessions (20170109100147)
  [1m[35m (0.1ms)[0m  [1m[36mbegin transaction[0m
  [1m[35m (1.9ms)[0m  [1m[35mCREATE TABLE "sessions" ("id" INTEGER PRIMARY KEY AUTOINCREMENT NOT NULL, "create" varchar, "created_at" datetime NOT NULL, "updated_at" datetime NOT NULL)[0m
  [1m[35mSQL (0.2ms)[0m  [1m[32mINSERT INTO "schema_migrations" ("version") VALUES (?)[0m  [["version", "20170109100147"]]
  [1m[35m (10.7ms)[0m  [1m[36mcommit transaction[0m
  [1m[36mActiveRecord::InternalMetadata Load (0.3ms)[0m  [1m[34mSELECT  "ar_internal_metadata".* FROM "ar_internal_metadata" WHERE "ar_internal_metadata"."key" = ? LIMIT ?[0m  [["key", :environment], ["LIMIT", 1]]
  [1m[35m (0.1ms)[0m  [1m[36mbegin transaction[0m
  [1m[35m (0.1ms)[0m  [1m[36mcommit transaction[0m
  [1m[36mActiveRecord::SchemaMigration Load (0.2ms)[0m  [1m[34mSELECT "schema_migrations".* FROM "schema_migrations"[0m
  [1m[36mActiveRecord::SchemaMigration Load (0.2ms)[0m  [1m[34mSELECT "schema_migrations".* FROM "schema_migrations"[0m
  [1m[36mActiveRecord::InternalMetadata Load (0.2ms)[0m  [1m[34mSELECT  "ar_internal_metadata".* FROM "ar_internal_metadata" WHERE "ar_internal_metadata"."key" = ? LIMIT ?[0m  [["key", :environment], ["LIMIT", 1]]
  [1m[35m (0.1ms)[0m  [1m[36mbegin transaction[0m
  [1m[35m (0.1ms)[0m  [1m[36mcommit transaction[0m
  [1m[36mActiveRecord::SchemaMigration Load (0.1ms)[0m  [1m[34mSELECT "schema_migrations".* FROM "schema_migrations"[0m
Started GET "/" for 127.0.0.1 at 2017-01-09 15:42:21 +0530
  [1m[36mActiveRecord::SchemaMigration Load (0.2ms)[0m  [1m[34mSELECT "schema_migrations".* FROM "schema_migrations"[0m
Processing by PagesController#index as HTML
  Rendering pages/index.html.erb within layouts/application
  Rendered pages/index.html.erb within layouts/application (1.5ms)
Completed 200 OK in 6630ms (Views: 6607.5ms | ActiveRecord: 0.0ms)


Started GET "/auth/google" for 127.0.0.1 at 2017-01-09 15:42:35 +0530
Started GET "/auth/google" for 127.0.0.1 at 2017-01-09 15:42:35 +0530
Started GET "/" for 127.0.0.1 at 2017-01-09 15:49:46 +0530
Processing by PagesController#index as HTML
  Rendering pages/index.html.erb within layouts/application
  [1m[36mUser Load (0.5ms)[0m  [1m[34mSELECT  "users".* FROM "users" WHERE "users"."id" IS NULL LIMIT ?[0m  [["LIMIT", 1]]
  Rendered pages/index.html.erb within layouts/application (11.2ms)
Completed 200 OK in 48ms (Views: 45.6ms | ActiveRecord: 0.9ms)


Started GET "/auth/google" for 127.0.0.1 at 2017-01-09 15:49:49 +0530
Started GET "/auth/google" for 127.0.0.1 at 2017-01-09 15:49:49 +0530
Started GET "/" for 127.0.0.1 at 2017-01-09 15:54:29 +0530
  [1m[36mActiveRecord::SchemaMigration Load (0.2ms)[0m  [1m[34mSELECT "schema_migrations".* FROM "schema_migrations"[0m
Processing by PagesController#index as HTML
  Rendering pages/index.html.erb within layouts/application
  [1m[36mUser Load (0.3ms)[0m  [1m[34mSELECT  "users".* FROM "users" WHERE "users"."id" IS NULL LIMIT ?[0m  [["LIMIT", 1]]
  Rendered pages/index.html.erb within layouts/application (11.0ms)
Completed 200 OK in 358ms (Views: 344.3ms | ActiveRecord: 0.6ms)


Started GET "/auth/google" for 127.0.0.1 at 2017-01-09 15:54:31 +0530
Started GET "/auth/google" for 127.0.0.1 at 2017-01-09 15:54:32 +0530
Started GET "/" for 127.0.0.1 at 2017-01-09 15:56:07 +0530
  [1m[36mActiveRecord::SchemaMigration Load (0.2ms)[0m  [1m[34mSELECT "schema_migrations".* FROM "schema_migrations"[0m
Processing by PagesController#index as HTML
  Rendering pages/index.html.erb within layouts/application
  [1m[36mUser Load (0.3ms)[0m  [1m[34mSELECT  "users".* FROM "users" WHERE "users"."id" IS NULL LIMIT ?[0m  [["LIMIT", 1]]
  Rendered pages/index.html.erb within layouts/application (11.5ms)
Completed 200 OK in 355ms (Views: 340.7ms | ActiveRecord: 0.6ms)


Started GET "/auth/google" for 127.0.0.1 at 2017-01-09 15:56:13 +0530
Started GET "/auth/google" for 127.0.0.1 at 2017-01-09 15:56:13 +0530
Started GET "/" for 127.0.0.1 at 2017-01-09 15:59:08 +0530
Processing by PagesController#index as HTML
  Rendering pages/index.html.erb within layouts/application
  [1m[36mUser Load (0.4ms)[0m  [1m[34mSELECT  "users".* FROM "users" WHERE "users"."id" IS NULL LIMIT ?[0m  [["LIMIT", 1]]
  Rendered pages/index.html.erb within layouts/application (2.1ms)
Completed 200 OK in 50ms (Views: 48.4ms | ActiveRecord: 0.4ms)


Started GET "/auth/google" for 127.0.0.1 at 2017-01-09 15:59:13 +0530
Started GET "/auth/google" for 127.0.0.1 at 2017-01-09 15:59:13 +0530
Started GET "/" for 127.0.0.1 at 2017-01-09 15:59:28 +0530
Processing by PagesController#index as HTML
  Rendering pages/index.html.erb within layouts/application
  [1m[36mUser Load (0.2ms)[0m  [1m[34mSELECT  "users".* FROM "users" WHERE "users"."id" IS NULL LIMIT ?[0m  [["LIMIT", 1]]
  Rendered pages/index.html.erb within layouts/application (3.1ms)
Completed 200 OK in 68ms (Views: 66.8ms | ActiveRecord: 0.2ms)


Started GET "/auth/google" for 127.0.0.1 at 2017-01-09 15:59:31 +0530
Started GET "/auth/google" for 127.0.0.1 at 2017-01-09 15:59:31 +0530
Started GET "/auth/google/callback?state=4b2bc1b1cf6eedd90f272e5fbae99a872340170dcd061b24&code=4/W8wrRqc4Yh8pbjymxETwj6q8eC69f8vJ28iVAZGd2bY" for 127.0.0.1 at 2017-01-09 15:59:54 +0530
  
ActionController::RoutingError (No route matches [GET] "/auth/google/callback"):
  
actionpack (5.0.1) lib/action_dispatch/middleware/debug_exceptions.rb:53:in `call'
web-console (3.4.0) lib/web_console/middleware.rb:135:in `call_app'
web-console (3.4.0) lib/web_console/middleware.rb:28:in `block in call'
web-console (3.4.0) lib/web_console/middleware.rb:18:in `catch'
web-console (3.4.0) lib/web_console/middleware.rb:18:in `call'
actionpack (5.0.1) lib/action_dispatch/middleware/show_exceptions.rb:31:in `call'
railties (5.0.1) lib/rails/rack/logger.rb:36:in `call_app'
railties (5.0.1) lib/rails/rack/logger.rb:24:in `block in call'
activesupport (5.0.1) lib/active_support/tagged_logging.rb:69:in `block in tagged'
activesupport (5.0.1) lib/active_support/tagged_logging.rb:26:in `tagged'
activesupport (5.0.1) lib/active_support/tagged_logging.rb:69:in `tagged'
railties (5.0.1) lib/rails/rack/logger.rb:24:in `call'
sprockets-rails (3.2.0) lib/sprockets/rails/quiet_assets.rb:13:in `call'
actionpack (5.0.1) lib/action_dispatch/middleware/request_id.rb:24:in `call'
rack (2.0.1) lib/rack/method_override.rb:22:in `call'
rack (2.0.1) lib/rack/runtime.rb:22:in `call'
activesupport (5.0.1) lib/active_support/cache/strategy/local_cache_middleware.rb:28:in `call'
actionpack (5.0.1) lib/action_dispatch/middleware/executor.rb:12:in `call'
actionpack (5.0.1) lib/action_dispatch/middleware/static.rb:136:in `call'
rack (2.0.1) lib/rack/sendfile.rb:111:in `call'
railties (5.0.1) lib/rails/engine.rb:522:in `call'
puma (3.6.2) lib/puma/configuration.rb:225:in `call'
puma (3.6.2) lib/puma/server.rb:578:in `handle_request'
puma (3.6.2) lib/puma/server.rb:415:in `process_client'
puma (3.6.2) lib/puma/server.rb:275:in `block in run'
puma (3.6.2) lib/puma/thread_pool.rb:116:in `block in spawn_thread'
  Rendering /home/mayur/.rvm/gems/ruby-2.3.1/gems/actionpack-5.0.1/lib/action_dispatch/middleware/templates/rescues/routing_error.html.erb within rescues/layout
  Rendering /home/mayur/.rvm/gems/ruby-2.3.1/gems/actionpack-5.0.1/lib/action_dispatch/middleware/templates/rescues/_trace.html.erb
  Rendered /home/mayur/.rvm/gems/ruby-2.3.1/gems/actionpack-5.0.1/lib/action_dispatch/middleware/templates/rescues/_trace.html.erb (1.5ms)
  Rendered collection of /home/mayur/.rvm/gems/ruby-2.3.1/gems/actionpack-5.0.1/lib/action_dispatch/middleware/templates/routes/_route.html.erb [18 times] (17.5ms)
  Rendered /home/mayur/.rvm/gems/ruby-2.3.1/gems/actionpack-5.0.1/lib/action_dispatch/middleware/templates/routes/_table.html.erb (7.8ms)
  Rendering /home/mayur/.rvm/gems/ruby-2.3.1/gems/actionpack-5.0.1/lib/action_dispatch/middleware/templates/rescues/_request_and_response.html.erb
  Rendered /home/mayur/.rvm/gems/ruby-2.3.1/gems/actionpack-5.0.1/lib/action_dispatch/middleware/templates/rescues/_request_and_response.html.erb (1.6ms)
  Rendered /home/mayur/.rvm/gems/ruby-2.3.1/gems/actionpack-5.0.1/lib/action_dispatch/middleware/templates/rescues/routing_error.html.erb within rescues/layout (59.2ms)
Started GET "/auth/google/callback?state=4b2bc1b1cf6eedd90f272e5fbae99a872340170dcd061b24&code=4/W8wrRqc4Yh8pbjymxETwj6q8eC69f8vJ28iVAZGd2bY" for 127.0.0.1 at 2017-01-09 16:02:43 +0530
Processing by SessionsController#auth_failure as HTML
  Parameters: {"state"=>"4b2bc1b1cf6eedd90f272e5fbae99a872340170dcd061b24", "code"=>"4/W8wrRqc4Yh8pbjymxETwj6q8eC69f8vJ28iVAZGd2bY"}
Redirected to http://localhost:3000/
Completed 302 Found in 1ms (ActiveRecord: 0.0ms)


Started GET "/" for 127.0.0.1 at 2017-01-09 16:02:44 +0530
Processing by PagesController#index as HTML
  Rendering pages/index.html.erb within layouts/application
  [1m[36mUser Load (0.5ms)[0m  [1m[34mSELECT  "users".* FROM "users" WHERE "users"."id" IS NULL LIMIT ?[0m  [["LIMIT", 1]]
  Rendered pages/index.html.erb within layouts/application (5.9ms)
Completed 200 OK in 39ms (Views: 35.9ms | ActiveRecord: 0.8ms)


Started GET "/auth/google" for 127.0.0.1 at 2017-01-09 16:02:47 +0530
Started GET "/auth/google" for 127.0.0.1 at 2017-01-09 16:02:47 +0530
Started GET "/auth/google/callback?state=46961ac6dcff18901a70bd363361d0a68da4783f265047f2&code=4/ylW8SXTb6ShsNVYMec_BwDiChfCRJJNLKeDv4ODke9c" for 127.0.0.1 at 2017-01-09 16:02:48 +0530
Processing by SessionsController#create as HTML
  Parameters: {"state"=>"46961ac6dcff18901a70bd363361d0a68da4783f265047f2", "code"=>"4/ylW8SXTb6ShsNVYMec_BwDiChfCRJJNLKeDv4ODke9c", "provider"=>"google"}
  [1m[36mUser Load (0.2ms)[0m  [1m[34mSELECT  "users".* FROM "users" WHERE "users"."uid" = ? AND "users"."provider" = ? LIMIT ?[0m  [["uid", "105996569912156514257"], ["provider", "google"], ["LIMIT", 1]]
  [1m[35m (0.1ms)[0m  [1m[36mbegin transaction[0m
  [1m[35mSQL (0.9ms)[0m  [1m[32mINSERT INTO "users" ("provider", "uid", "created_at", "updated_at") VALUES (?, ?, ?, ?)[0m  [["provider", "google"], ["uid", "105996569912156514257"], ["created_at", 2017-01-09 10:32:50 UTC], ["updated_at", 2017-01-09 10:32:50 UTC]]
  [1m[35m (15.6ms)[0m  [1m[36mcommit transaction[0m
  [1m[35m (0.1ms)[0m  [1m[36mbegin transaction[0m
  [1m[35mSQL (0.3ms)[0m  [1m[33mUPDATE "users" SET "name" = ?, "image_url" = ?, "url" = ?, "updated_at" = ? WHERE "users"."id" = ?[0m  [["name", "Patel Mayur"], ["image_url", "https://lh3.googleusercontent.com/-XdUIqdMkCWA/AAAAAAAAAAI/AAAAAAAAAAA/4252rscbv5M/s48-c/photo.jpg"], ["url", "https://plus.google.com/105996569912156514257"], ["updated_at", 2017-01-09 10:32:50 UTC], ["id", 1]]
  [1m[35m (8.5ms)[0m  [1m[36mcommit transaction[0m
Redirected to http://localhost:3000/
Completed 302 Found in 46ms (ActiveRecord: 26.2ms)


Started GET "/" for 127.0.0.1 at 2017-01-09 16:02:50 +0530
Processing by PagesController#index as HTML
  Rendering pages/index.html.erb within layouts/application
  [1m[36mUser Load (0.3ms)[0m  [1m[34mSELECT  "users".* FROM "users" WHERE "users"."id" = ? LIMIT ?[0m  [["id", 1], ["LIMIT", 1]]
  Rendered pages/index.html.erb within layouts/application (4.8ms)
Completed 200 OK in 43ms (Views: 40.7ms | ActiveRecord: 0.3ms)


Started GET "/" for 127.0.0.1 at 2017-01-09 16:06:44 +0530
Processing by PagesController#index as HTML
  Rendering pages/index.html.erb within layouts/application
  [1m[36mUser Load (0.7ms)[0m  [1m[34mSELECT  "users".* FROM "users" WHERE "users"."id" = ? LIMIT ?[0m  [["id", 1], ["LIMIT", 1]]
  Rendered pages/index.html.erb within layouts/application (2.4ms)
Completed 200 OK in 38ms (Views: 35.9ms | ActiveRecord: 0.7ms)


Started GET "/auth/google" for 127.0.0.1 at 2017-01-09 16:06:47 +0530
Started GET "/auth/google" for 127.0.0.1 at 2017-01-09 16:06:47 +0530
Started GET "/auth/google/callback?state=83dbfd01a33df1bf0f417e67304147d1daf05fc790f687b0&code=4/SeZJ4LdgIPDDBYlHq6eNRYpvd52DrEsnC8IKXs6NxpY" for 127.0.0.1 at 2017-01-09 16:06:47 +0530
Processing by SessionsController#create as HTML
  Parameters: {"state"=>"83dbfd01a33df1bf0f417e67304147d1daf05fc790f687b0", "code"=>"4/SeZJ4LdgIPDDBYlHq6eNRYpvd52DrEsnC8IKXs6NxpY", "provider"=>"google"}
  [1m[36mUser Load (0.4ms)[0m  [1m[34mSELECT  "users".* FROM "users" WHERE "users"."uid" = ? AND "users"."provider" = ? LIMIT ?[0m  [["uid", "105996569912156514257"], ["provider", "google"], ["LIMIT", 1]]
  [1m[35m (0.1ms)[0m  [1m[36mbegin transaction[0m
  [1m[35m (0.1ms)[0m  [1m[36mcommit transaction[0m
Redirected to http://localhost:3000/
Completed 302 Found in 4ms (ActiveRecord: 0.6ms)


Started GET "/" for 127.0.0.1 at 2017-01-09 16:06:49 +0530
Processing by PagesController#index as HTML
  Rendering pages/index.html.erb within layouts/application
  [1m[36mUser Load (0.4ms)[0m  [1m[34mSELECT  "users".* FROM "users" WHERE "users"."id" = ? LIMIT ?[0m  [["id", 1], ["LIMIT", 1]]
  Rendered pages/index.html.erb within layouts/application (1.9ms)
Completed 200 OK in 49ms (Views: 46.7ms | ActiveRecord: 0.4ms)


Started GET "/auth/google" for 127.0.0.1 at 2017-01-09 16:13:33 +0530
Started GET "/auth/google" for 127.0.0.1 at 2017-01-09 16:13:33 +0530
Started GET "/auth/google/callback?state=21f015228f6475c988fd498518a9f72d4120a693b5ff55cd&code=4/9U7WvSgj8X3TAnL9ToJaC3AXvJsEC1LUkJo9r4GgdO4" for 127.0.0.1 at 2017-01-09 16:13:35 +0530
Processing by SessionsController#create as HTML
  Parameters: {"state"=>"21f015228f6475c988fd498518a9f72d4120a693b5ff55cd", "code"=>"4/9U7WvSgj8X3TAnL9ToJaC3AXvJsEC1LUkJo9r4GgdO4", "provider"=>"google"}
  [1m[36mUser Load (0.2ms)[0m  [1m[34mSELECT  "users".* FROM "users" WHERE "users"."uid" = ? AND "users"."provider" = ? LIMIT ?[0m  [["uid", "105996569912156514257"], ["provider", "google"], ["LIMIT", 1]]
  [1m[35m (0.1ms)[0m  [1m[36mbegin transaction[0m
  [1m[35m (0.1ms)[0m  [1m[36mcommit transaction[0m
Redirected to http://localhost:3000/
Completed 302 Found in 3ms (ActiveRecord: 0.4ms)


Started GET "/" for 127.0.0.1 at 2017-01-09 16:13:54 +0530
Processing by PagesController#index as HTML
  Rendering pages/index.html.erb within layouts/application
  [1m[36mUser Load (0.1ms)[0m  [1m[34mSELECT  "users".* FROM "users" WHERE "users"."id" = ? LIMIT ?[0m  [["id", 1], ["LIMIT", 1]]
  Rendered pages/index.html.erb within layouts/application (1.4ms)
Completed 200 OK in 37ms (Views: 35.3ms | ActiveRecord: 0.1ms)


Started GET "/auth/google" for 127.0.0.1 at 2017-01-09 16:14:45 +0530
Started GET "/auth/google" for 127.0.0.1 at 2017-01-09 16:14:52 +0530
Started GET "/auth/google/callback?state=bbad7068100a8d7852a08972c8b01fc2ed8216497d62bbc0&code=4/z9vhwbDotpn9utbMj65iIbhHRSdKNy3WVuQXsM6WtFs" for 127.0.0.1 at 2017-01-09 16:14:52 +0530
Processing by SessionsController#create as HTML
  Parameters: {"state"=>"bbad7068100a8d7852a08972c8b01fc2ed8216497d62bbc0", "code"=>"4/z9vhwbDotpn9utbMj65iIbhHRSdKNy3WVuQXsM6WtFs", "provider"=>"google"}
  [1m[36mUser Load (0.3ms)[0m  [1m[34mSELECT  "users".* FROM "users" WHERE "users"."uid" = ? AND "users"."provider" = ? LIMIT ?[0m  [["uid", "105996569912156514257"], ["provider", "google"], ["LIMIT", 1]]
  [1m[35m (0.1ms)[0m  [1m[36mbegin transaction[0m
  [1m[35m (0.1ms)[0m  [1m[36mcommit transaction[0m
Redirected to http://localhost:3000/
Completed 302 Found in 3ms (ActiveRecord: 0.4ms)


Started GET "/" for 127.0.0.1 at 2017-01-09 16:15:10 +0530
Processing by PagesController#index as HTML
  Rendering pages/index.html.erb within layouts/application
  [1m[36mUser Load (0.2ms)[0m  [1m[34mSELECT  "users".* FROM "users" WHERE "users"."id" = ? LIMIT ?[0m  [["id", 1], ["LIMIT", 1]]
  Rendered pages/index.html.erb within layouts/application (2.0ms)
Completed 200 OK in 36ms (Views: 34.8ms | ActiveRecord: 0.2ms)


Started GET "/auth/google" for 127.0.0.1 at 2017-01-09 16:15:41 +0530
Started GET "/auth/google" for 127.0.0.1 at 2017-01-09 16:15:41 +0530
Started GET "/auth/google/callback?state=a1ba7eac93bfbcd6502f8d0d251898a2be96451958eaa534&code=4/tYp5-8kuyzIY8rdswZ900p-QzIUkRJyLvixV0Pc3Zo8" for 127.0.0.1 at 2017-01-09 16:15:41 +0530
Processing by SessionsController#create as HTML
  Parameters: {"state"=>"a1ba7eac93bfbcd6502f8d0d251898a2be96451958eaa534", "code"=>"4/tYp5-8kuyzIY8rdswZ900p-QzIUkRJyLvixV0Pc3Zo8", "provider"=>"google"}
  [1m[36mUser Load (0.5ms)[0m  [1m[34mSELECT  "users".* FROM "users" WHERE "users"."uid" = ? AND "users"."provider" = ? LIMIT ?[0m  [["uid", "105996569912156514257"], ["provider", "google"], ["LIMIT", 1]]
  [1m[35m (0.1ms)[0m  [1m[36mbegin transaction[0m
  [1m[35m (0.1ms)[0m  [1m[36mcommit transaction[0m
Redirected to http://localhost:3000/
Completed 302 Found in 3ms (ActiveRecord: 0.6ms)


Started GET "/" for 127.0.0.1 at 2017-01-09 16:15:58 +0530
Processing by PagesController#index as HTML
  Rendering pages/index.html.erb within layouts/application
  [1m[36mUser Load (0.2ms)[0m  [1m[34mSELECT  "users".* FROM "users" WHERE "users"."id" = ? LIMIT ?[0m  [["id", 1], ["LIMIT", 1]]
  Rendered pages/index.html.erb within layouts/application (1.5ms)
Completed 200 OK in 43ms (Views: 41.5ms | ActiveRecord: 0.2ms)


Started GET "/" for 127.0.0.1 at 2017-01-09 16:17:12 +0530
Processing by PagesController#index as HTML
  Rendering pages/index.html.erb within layouts/application
  [1m[36mUser Load (0.4ms)[0m  [1m[34mSELECT  "users".* FROM "users" WHERE "users"."id" = ? LIMIT ?[0m  [["id", 1], ["LIMIT", 1]]
  Rendered pages/index.html.erb within layouts/application (2.5ms)
Completed 200 OK in 39ms (Views: 37.7ms | ActiveRecord: 0.4ms)


Started DELETE "/logout" for 127.0.0.1 at 2017-01-09 16:17:16 +0530
Processing by SessionsController#destroy as HTML
  Parameters: {"authenticity_token"=>"B4V2gKSzWLsmMubzzxvIqa2DtSUDgNtQtM8ar9zJa54hC3UvKnhLJI9oXI6zTMEHBNuiAQeqHA9jwHltrqVGig=="}
  [1m[36mUser Load (0.2ms)[0m  [1m[34mSELECT  "users".* FROM "users" WHERE "users"."id" = ? LIMIT ?[0m  [["id", 1], ["LIMIT", 1]]
Redirected to http://localhost:3000/
Completed 302 Found in 2ms (ActiveRecord: 0.2ms)


Started GET "/" for 127.0.0.1 at 2017-01-09 16:17:16 +0530
Processing by PagesController#index as HTML
  Rendering pages/index.html.erb within layouts/application
  [1m[36mUser Load (0.2ms)[0m  [1m[34mSELECT  "users".* FROM "users" WHERE "users"."id" IS NULL LIMIT ?[0m  [["LIMIT", 1]]
  Rendered pages/index.html.erb within layouts/application (2.2ms)
  [1m[36mCACHE (0.0ms)[0m  [1m[34mSELECT  "users".* FROM "users" WHERE "users"."id" IS NULL LIMIT ?[0m  [["LIMIT", 1]]
Completed 200 OK in 38ms (Views: 37.0ms | ActiveRecord: 0.2ms)


Started GET "/" for 127.0.0.1 at 2017-01-09 16:19:01 +0530
Processing by PagesController#index as HTML
  Rendering pages/index.html.erb within layouts/application
  [1m[36mUser Load (0.3ms)[0m  [1m[34mSELECT  "users".* FROM "users" WHERE "users"."id" IS NULL LIMIT ?[0m  [["LIMIT", 1]]
  Rendered pages/index.html.erb within layouts/application (2.5ms)
  [1m[36mCACHE (0.0ms)[0m  [1m[34mSELECT  "users".* FROM "users" WHERE "users"."id" IS NULL LIMIT ?[0m  [["LIMIT", 1]]
Completed 200 OK in 38ms (Views: 36.0ms | ActiveRecord: 0.3ms)


Started GET "/auth/google" for 127.0.0.1 at 2017-01-09 16:19:04 +0530
Started GET "/auth/google" for 127.0.0.1 at 2017-01-09 16:19:04 +0530
Started GET "/auth/google/callback?state=1145348772ca74be1b2c3756a1c1f63f27dd030319549e0b&code=4/i2j3ggftHi5YjzyJQuYi77YiMysdDcdaRkv9K4iMmvs" for 127.0.0.1 at 2017-01-09 16:19:05 +0530
Processing by SessionsController#create as HTML
  Parameters: {"state"=>"1145348772ca74be1b2c3756a1c1f63f27dd030319549e0b", "code"=>"4/i2j3ggftHi5YjzyJQuYi77YiMysdDcdaRkv9K4iMmvs", "provider"=>"google"}
  [1m[36mUser Load (0.3ms)[0m  [1m[34mSELECT  "users".* FROM "users" WHERE "users"."uid" = ? AND "users"."provider" = ? LIMIT ?[0m  [["uid", "105996569912156514257"], ["provider", "google"], ["LIMIT", 1]]
  [1m[35m (0.1ms)[0m  [1m[36mbegin transaction[0m
  [1m[35m (0.1ms)[0m  [1m[36mcommit transaction[0m
Redirected to http://localhost:3000/
Completed 302 Found in 3ms (ActiveRecord: 0.4ms)


Started GET "/" for 127.0.0.1 at 2017-01-09 16:19:12 +0530
Processing by PagesController#index as HTML
  Rendering pages/index.html.erb within layouts/application
  [1m[36mUser Load (0.2ms)[0m  [1m[34mSELECT  "users".* FROM "users" WHERE "users"."id" = ? LIMIT ?[0m  [["id", 1], ["LIMIT", 1]]
  Rendered pages/index.html.erb within layouts/application (1.7ms)
Completed 200 OK in 43ms (Views: 41.8ms | ActiveRecord: 0.2ms)


Started DELETE "/logout" for 127.0.0.1 at 2017-01-09 16:19:38 +0530
Processing by SessionsController#destroy as HTML
  Parameters: {"authenticity_token"=>"3k/m+M9mLcTrILQExZSS5b2G4i/10VJ3CNKl22wW3NH4weVXQa0+W0J6Dnm5w5tLFN71C/H7lSjf3cYZHnrxxQ=="}
  [1m[36mUser Load (0.1ms)[0m  [1m[34mSELECT  "users".* FROM "users" WHERE "users"."id" = ? LIMIT ?[0m  [["id", 1], ["LIMIT", 1]]
Redirected to http://localhost:3000/
Completed 302 Found in 2ms (ActiveRecord: 0.1ms)


Started GET "/" for 127.0.0.1 at 2017-01-09 16:19:38 +0530
Processing by PagesController#index as HTML
  Rendering pages/index.html.erb within layouts/application
  [1m[36mUser Load (0.2ms)[0m  [1m[34mSELECT  "users".* FROM "users" WHERE "users"."id" IS NULL LIMIT ?[0m  [["LIMIT", 1]]
  Rendered pages/index.html.erb within layouts/application (1.7ms)
  [1m[36mCACHE (0.0ms)[0m  [1m[34mSELECT  "users".* FROM "users" WHERE "users"."id" IS NULL LIMIT ?[0m  [["LIMIT", 1]]
Completed 200 OK in 37ms (Views: 35.2ms | ActiveRecord: 0.2ms)


Started GET "/" for 127.0.0.1 at 2017-01-09 16:32:18 +0530
  [1m[36mActiveRecord::SchemaMigration Load (0.2ms)[0m  [1m[34mSELECT "schema_migrations".* FROM "schema_migrations"[0m
Processing by PagesController#index as HTML
  Rendering pages/index.html.erb within layouts/application
  [1m[36mUser Load (0.2ms)[0m  [1m[34mSELECT  "users".* FROM "users" WHERE "users"."id" IS NULL LIMIT ?[0m  [["LIMIT", 1]]
  Rendered pages/index.html.erb within layouts/application (9.6ms)
  [1m[36mUser Load (0.1ms)[0m  [1m[34mSELECT  "users".* FROM "users" WHERE "users"."id" IS NULL LIMIT ?[0m  [["LIMIT", 1]]
Completed 200 OK in 365ms (Views: 351.2ms | ActiveRecord: 0.6ms)


Started GET "/auth/linkedin" for 127.0.0.1 at 2017-01-09 16:32:21 +0530
Started GET "/auth/linkedin" for 127.0.0.1 at 2017-01-09 16:32:25 +0530
Started GET "/auth/linkedin/callback?code=AQS8tJOM0XUyzYR69IsexZlgOwASbYEy-4ui1hyMRek7xJ_ZW1z69Dp42EPthO1nxoncXM7c1pRZsAL6NCHbturzL17A6HYl88HeS2082FtJ90Lnw0E&state=093dc47b0c85de11946058fe786f548d19b4693137bdb54c" for 127.0.0.1 at 2017-01-09 16:33:07 +0530
Processing by SessionsController#create as HTML
  Parameters: {"code"=>"AQS8tJOM0XUyzYR69IsexZlgOwASbYEy-4ui1hyMRek7xJ_ZW1z69Dp42EPthO1nxoncXM7c1pRZsAL6NCHbturzL17A6HYl88HeS2082FtJ90Lnw0E", "state"=>"093dc47b0c85de11946058fe786f548d19b4693137bdb54c", "provider"=>"linkedin"}
  [1m[36mUser Load (0.4ms)[0m  [1m[34mSELECT  "users".* FROM "users" WHERE "users"."uid" = ? AND "users"."provider" = ? LIMIT ?[0m  [["uid", "QBsRFDxLji"], ["provider", "linkedin"], ["LIMIT", 1]]
  [1m[35m (0.2ms)[0m  [1m[36mbegin transaction[0m
  [1m[35mSQL (2.2ms)[0m  [1m[32mINSERT INTO "users" ("provider", "uid", "created_at", "updated_at") VALUES (?, ?, ?, ?)[0m  [["provider", "linkedin"], ["uid", "QBsRFDxLji"], ["created_at", 2017-01-09 11:03:25 UTC], ["updated_at", 2017-01-09 11:03:25 UTC]]
  [1m[35m (5.4ms)[0m  [1m[36mcommit transaction[0m
  [1m[35m (0.1ms)[0m  [1m[36mbegin transaction[0m
  [1m[35mSQL (0.4ms)[0m  [1m[33mUPDATE "users" SET "name" = ?, "location" = ?, "image_url" = ?, "updated_at" = ? WHERE "users"."id" = ?[0m  [["name", "Mayurkumar Patel"], ["location", "#<OmniAuth::AuthHash country=#<OmniAuth::AuthHash code=\"in\"> name=\"Ahmedabad Area, India\">"], ["image_url", "https://media.licdn.com/mpr/mprx/0_-jYcUcJEhvvpmdYx4uoBrN4wG5x3ee7-z0ocYinE3lK8DZi7-Jon1icwbT7yIW_PZukcnN4ID9xhIuQf4mUIPiJFe9xTIub14mUqZG2o_cED3sy7N0Ds4nGRH_5lCurGlD0R0pAohx4"], ["updated_at", 2017-01-09 11:03:25 UTC], ["id", 2]]
  [1m[35m (6.9ms)[0m  [1m[36mcommit transaction[0m
Redirected to http://localhost:3000/
Completed 302 Found in 39ms (ActiveRecord: 16.1ms)


Started GET "/" for 127.0.0.1 at 2017-01-09 16:33:25 +0530
Processing by PagesController#index as HTML
  Rendering pages/index.html.erb within layouts/application
  [1m[36mUser Load (0.3ms)[0m  [1m[34mSELECT  "users".* FROM "users" WHERE "users"."id" = ? LIMIT ?[0m  [["id", 2], ["LIMIT", 1]]
  Rendered pages/index.html.erb within layouts/application (7.3ms)
Completed 200 OK in 79ms (Views: 76.8ms | ActiveRecord: 0.3ms)


  [1m[35m (0.2ms)[0m  [1m[34mSELECT COUNT(*) FROM "users"[0m
  [1m[36mUser Load (0.3ms)[0m  [1m[34mSELECT  "users".* FROM "users" ORDER BY "users"."id" DESC LIMIT ?[0m  [["LIMIT", 1]]
Started DELETE "/logout" for 127.0.0.1 at 2017-01-09 16:35:29 +0530
Processing by SessionsController#destroy as HTML
  Parameters: {"authenticity_token"=>"BOO5sf4Rn+t/b7wRNIq1RfaurwlyIg8myADmcJA/PIcibboecNqMdNY1BmxI3bzrX/a4LXYIyHkfD4Wy4lMRkw=="}
  [1m[36mUser Load (0.3ms)[0m  [1m[34mSELECT  "users".* FROM "users" WHERE "users"."id" = ? LIMIT ?[0m  [["id", 2], ["LIMIT", 1]]
Redirected to http://localhost:3000/
Completed 302 Found in 3ms (ActiveRecord: 0.3ms)


Started GET "/" for 127.0.0.1 at 2017-01-09 16:35:29 +0530
Processing by PagesController#index as HTML
  Rendering pages/index.html.erb within layouts/application
  [1m[36mUser Load (0.2ms)[0m  [1m[34mSELECT  "users".* FROM "users" WHERE "users"."id" IS NULL LIMIT ?[0m  [["LIMIT", 1]]
  Rendered pages/index.html.erb within layouts/application (2.7ms)
  [1m[36mCACHE (0.0ms)[0m  [1m[34mSELECT  "users".* FROM "users" WHERE "users"."id" IS NULL LIMIT ?[0m  [["LIMIT", 1]]
Completed 200 OK in 64ms (Views: 61.2ms | ActiveRecord: 0.3ms)


